<?xml version="1.0" encoding="UTF-8"?>
<!-- Generated by org.testng.reporters.JUnitReportReporter -->
<testsuite hostname="leon-HP-ProBook-4421s" name="com.riderzen.id.IDGeneratorTest" tests="16" failures="0" timestamp="17 May 2012 09:51:11 GMT" time="0.020" errors="0">
  <testcase name="testBinaryId5" time="0.001" classname="com.riderzen.id.IDGeneratorTest"/>
  <testcase name="testBinaryId1" time="0.005" classname="com.riderzen.id.IDGeneratorTest"/>
  <testcase name="testGenerateHex" time="0.007" classname="com.riderzen.id.IDGeneratorTest"/>
  <testcase name="testBinaryId12" time="0.000" classname="com.riderzen.id.IDGeneratorTest"/>
  <testcase name="testBinaryId6" time="0.001" classname="com.riderzen.id.IDGeneratorTest"/>
  <testcase name="testBinaryId13" time="0.000" classname="com.riderzen.id.IDGeneratorTest"/>
  <testcase name="testBinaryId11" time="0.001" classname="com.riderzen.id.IDGeneratorTest"/>
  <testcase name="testBinaryId4" time="0.000" classname="com.riderzen.id.IDGeneratorTest"/>
  <testcase name="testBinaryId10" time="0.003" classname="com.riderzen.id.IDGeneratorTest"/>
  <testcase name="testBinaryId14" time="0.001" classname="com.riderzen.id.IDGeneratorTest"/>
  <testcase name="testBinaryId8" time="0.000" classname="com.riderzen.id.IDGeneratorTest"/>
  <testcase name="testBinaryId9" time="0.000" classname="com.riderzen.id.IDGeneratorTest"/>
  <testcase name="testBinaryId2" time="0.001" classname="com.riderzen.id.IDGeneratorTest"/>
  <testcase name="testGenerate" time="0.000" classname="com.riderzen.id.IDGeneratorTest"/>
  <testcase name="testBinaryId3" time="0.000" classname="com.riderzen.id.IDGeneratorTest"/>
  <testcase name="testBinaryId7" time="0.000" classname="com.riderzen.id.IDGeneratorTest"/>
</testsuite>
