<?xml version="1.0" encoding="UTF-8" ?>
<testsuite failures="0" time="1.077" errors="0" skipped="0" tests="6" name="TestSuite">
  <properties>
    <property name="java.runtime.name" value="Java(TM) SE Runtime Environment"/>
    <property name="sun.boot.library.path" value="/usr/lib/jvm/java-6-sun-1.6.0.26/jre/lib/i386"/>
    <property name="java.vm.version" value="20.1-b02"/>
    <property name="java.vm.vendor" value="Sun Microsystems Inc."/>
    <property name="java.vendor.url" value="http://java.sun.com/"/>
    <property name="path.separator" value=":"/>
    <property name="java.vm.name" value="Java HotSpot(TM) Server VM"/>
    <property name="file.encoding.pkg" value="sun.io"/>
    <property name="user.country" value="CN"/>
    <property name="sun.java.launcher" value="SUN_STANDARD"/>
    <property name="sun.os.patch.level" value="unknown"/>
    <property name="java.vm.specification.name" value="Java Virtual Machine Specification"/>
    <property name="user.dir" value="/home/leon/workspace/oss/id-generator/id-client"/>
    <property name="java.runtime.version" value="1.6.0_26-b03"/>
    <property name="java.awt.graphicsenv" value="sun.awt.X11GraphicsEnvironment"/>
    <property name="basedir" value="/home/leon/workspace/oss/id-generator/id-client"/>
    <property name="java.endorsed.dirs" value="/usr/lib/jvm/java-6-sun-1.6.0.26/jre/lib/endorsed"/>
    <property name="os.arch" value="i386"/>
    <property name="surefire.real.class.path" value="/home/leon/workspace/oss/id-generator/id-client/target/surefire/surefirebooter5453177840430662366.jar"/>
    <property name="java.io.tmpdir" value="/tmp"/>
    <property name="line.separator" value="
"/>
    <property name="java.vm.specification.vendor" value="Sun Microsystems Inc."/>
    <property name="os.name" value="Linux"/>
    <property name="sun.jnu.encoding" value="UTF-8"/>
    <property name="java.library.path" value="/usr/lib/jvm/java-6-sun-1.6.0.26/jre/lib/i386/server:/usr/lib/jvm/java-6-sun-1.6.0.26/jre/lib/i386:/usr/lib/jvm/java-6-sun-1.6.0.26/jre/../lib/i386:/home/leon/devtools/idea-IU-117.117/bin::/usr/java/packages/lib/i386:/lib:/usr/lib"/>
    <property name="surefire.test.class.path" value="/home/leon/workspace/oss/id-generator/id-client/target/test-classes:/home/leon/workspace/oss/id-generator/id-client/target/classes:/home/leon/workspace/oss/id-generator/id-server/target/id-server-1.0-SNAPSHOT.jar:/home/leon/.m2/repository/org/testng/testng/6.1.1/testng-6.1.1.jar:/home/leon/.m2/repository/junit/junit/3.8.1/junit-3.8.1.jar:/home/leon/.m2/repository/org/beanshell/bsh/2.0b4/bsh-2.0b4.jar:/home/leon/.m2/repository/com/beust/jcommander/1.12/jcommander-1.12.jar:/home/leon/.m2/repository/org/yaml/snakeyaml/1.6/snakeyaml-1.6.jar:/home/leon/.m2/repository/commons-lang/commons-lang/2.6/commons-lang-2.6.jar:/home/leon/.m2/repository/org/slf4j/slf4j-api/1.6.1/slf4j-api-1.6.1.jar:/home/leon/.m2/repository/ch/qos/logback/logback-core/0.9.24/logback-core-0.9.24.jar:/home/leon/.m2/repository/ch/qos/logback/logback-classic/0.9.24/logback-classic-0.9.24.jar:"/>
    <property name="java.specification.name" value="Java Platform API Specification"/>
    <property name="java.class.version" value="50.0"/>
    <property name="sun.management.compiler" value="HotSpot Tiered Compilers"/>
    <property name="os.version" value="3.2.0-24-generic"/>
    <property name="user.home" value="/home/leon"/>
    <property name="user.timezone" value="Asia/Hong_Kong"/>
    <property name="java.awt.printerjob" value="sun.print.PSPrinterJob"/>
    <property name="file.encoding" value="UTF-8"/>
    <property name="java.specification.version" value="1.6"/>
    <property name="user.name" value="leon"/>
    <property name="java.class.path" value="/home/leon/workspace/oss/id-generator/id-client/target/test-classes:/home/leon/workspace/oss/id-generator/id-client/target/classes:/home/leon/workspace/oss/id-generator/id-server/target/id-server-1.0-SNAPSHOT.jar:/home/leon/.m2/repository/org/testng/testng/6.1.1/testng-6.1.1.jar:/home/leon/.m2/repository/junit/junit/3.8.1/junit-3.8.1.jar:/home/leon/.m2/repository/org/beanshell/bsh/2.0b4/bsh-2.0b4.jar:/home/leon/.m2/repository/com/beust/jcommander/1.12/jcommander-1.12.jar:/home/leon/.m2/repository/org/yaml/snakeyaml/1.6/snakeyaml-1.6.jar:/home/leon/.m2/repository/commons-lang/commons-lang/2.6/commons-lang-2.6.jar:/home/leon/.m2/repository/org/slf4j/slf4j-api/1.6.1/slf4j-api-1.6.1.jar:/home/leon/.m2/repository/ch/qos/logback/logback-core/0.9.24/logback-core-0.9.24.jar:/home/leon/.m2/repository/ch/qos/logback/logback-classic/0.9.24/logback-classic-0.9.24.jar:"/>
    <property name="java.vm.specification.version" value="1.0"/>
    <property name="sun.arch.data.model" value="32"/>
    <property name="java.home" value="/usr/lib/jvm/java-6-sun-1.6.0.26/jre"/>
    <property name="sun.java.command" value="/home/leon/workspace/oss/id-generator/id-client/target/surefire/surefirebooter5453177840430662366.jar /home/leon/workspace/oss/id-generator/id-client/target/surefire/surefire7760579599003625784tmp /home/leon/workspace/oss/id-generator/id-client/target/surefire/surefire6549363224570172449tmp"/>
    <property name="java.specification.vendor" value="Sun Microsystems Inc."/>
    <property name="user.language" value="zh"/>
    <property name="java.vm.info" value="mixed mode"/>
    <property name="java.version" value="1.6.0_26"/>
    <property name="java.ext.dirs" value="/usr/lib/jvm/java-6-sun-1.6.0.26/jre/lib/ext:/usr/java/packages/lib/ext"/>
    <property name="sun.boot.class.path" value="/usr/lib/jvm/java-6-sun-1.6.0.26/jre/lib/resources.jar:/usr/lib/jvm/java-6-sun-1.6.0.26/jre/lib/rt.jar:/usr/lib/jvm/java-6-sun-1.6.0.26/jre/lib/sunrsasign.jar:/usr/lib/jvm/java-6-sun-1.6.0.26/jre/lib/jsse.jar:/usr/lib/jvm/java-6-sun-1.6.0.26/jre/lib/jce.jar:/usr/lib/jvm/java-6-sun-1.6.0.26/jre/lib/charsets.jar:/usr/lib/jvm/java-6-sun-1.6.0.26/jre/lib/modules/jdk.boot.jar:/usr/lib/jvm/java-6-sun-1.6.0.26/jre/classes"/>
    <property name="java.vendor" value="Sun Microsystems Inc."/>
    <property name="localRepository" value="/home/leon/.m2/repository"/>
    <property name="file.separator" value="/"/>
    <property name="java.vendor.url.bug" value="http://java.sun.com/cgi-bin/bugreport.cgi"/>
    <property name="sun.cpu.endian" value="little"/>
    <property name="sun.io.unicode.encoding" value="UnicodeLittle"/>
    <property name="sun.cpu.isalist" value=""/>
  </properties>
  <testcase time="0.302" classname="com.riderzen.id.IDClientTest" name="testBatchGenerate"/>
  <testcase time="0.256" classname="com.riderzen.id.IDClientTest" name="testBatchGenerateHex"/>
  <testcase time="0.002" classname="com.riderzen.id.IDClientTest" name="testDecode"/>
  <testcase time="0.001" classname="com.riderzen.id.IDClientTest" name="testDecodeHex"/>
  <testcase time="0" classname="com.riderzen.id.IDClientTest" name="testGenerate"/>
  <testcase time="0" classname="com.riderzen.id.IDClientTest" name="testGenerateWithRegion"/>
</testsuite>